<?xml version="1.0" encoding="UTF-8"?>
<!-- Generated by org.testng.reporters.JUnitXMLReporter -->
<testsuite hostname="ImranKhan" ignored="0" name="HomePage " tests="3" failures="0" timestamp="17 May 2021 16:21:31 GMT" time="0.207" errors="0">
  <testcase name="@BeforeTest initialize" time="0.023" classname="Academy_E2EProject.HomePage">
    <failure type="java.lang.NullPointerException">
      <![CDATA[java.lang.NullPointerException
at Resources.baseClass.initializeDriver(baseClass.java:45)
at Academy_E2EProject.HomePage.initialize(HomePage.java:32)
at java.util.concurrent.FutureTask.run(FutureTask.java:266)
at java.util.concurrent.ThreadPoolExecutor.runWorker(ThreadPoolExecutor.java:1149)
at java.util.concurrent.ThreadPoolExecutor$Worker.run(ThreadPoolExecutor.java:624)
at java.lang.Thread.run(Thread.java:748)
... Removed 15 stack frames]]>
    </failure>
  </testcase> <!-- @BeforeTest initialize -->
  <testcase name="@BeforeTest initialize" time="0.026" classname="Academy_E2EProject.ValidateNavigationBar">
    <failure type="java.lang.NullPointerException">
      <![CDATA[java.lang.NullPointerException
at Resources.baseClass.initializeDriver(baseClass.java:45)
at Academy_E2EProject.ValidateNavigationBar.initialize(ValidateNavigationBar.java:28)
at java.util.concurrent.FutureTask.run(FutureTask.java:266)
at java.util.concurrent.ThreadPoolExecutor.runWorker(ThreadPoolExecutor.java:1149)
at java.util.concurrent.ThreadPoolExecutor$Worker.run(ThreadPoolExecutor.java:624)
at java.lang.Thread.run(Thread.java:748)
... Removed 15 stack frames]]>
    </failure>
  </testcase> <!-- @BeforeTest initialize -->
  <testcase name="@AfterTest teardown" time="0.0" classname="Academy_E2EProject.ValidateNavigationBar">
    <skipped/>
  </testcase> <!-- @AfterTest teardown -->
  <testcase name="@AfterTest teardown" time="0.0" classname="Academy_E2EProject.HomePage">
    <skipped/>
  </testcase> <!-- @AfterTest teardown -->
  <testcase name="basePageNavigation" time="0.0" classname="Academy_E2EProject.HomePage">
    <skipped/>
  </testcase> <!-- basePageNavigation -->
  <testcase name="basePageNavigation" time="0.0" classname="Academy_E2EProject.HomePage">
    <skipped/>
  </testcase> <!-- basePageNavigation -->
  <testcase name="basePageNavigation" time="0.0" classname="Academy_E2EProject.HomePage">
    <skipped/>
  </testcase> <!-- basePageNavigation -->
</testsuite> <!-- HomePage  -->
