<?xml version="1.0" encoding="UTF-8"?>
<!-- Generated by org.testng.reporters.JUnitXMLReporter -->
<testsuite hostname="ImranKhan" ignored="0" name="Test" tests="5" failures="0" timestamp="14 May 2021 16:10:19 GMT" time="90.838" errors="0">
  <testcase name="basePageNavigation" time="0.802" classname="Academy_E2EProject.ValidateNavigationBar"/>
  <testcase name="basePageNavigation" time="0.55" classname="Academy_E2EProject.ValidateTitle"/>
  <testcase name="basePageNavigation" time="11.852" classname="Academy_E2EProject.HomePage"/>
  <testcase name="basePageNavigation" time="8.47" classname="Academy_E2EProject.HomePage"/>
  <testcase name="basePageNavigation" time="43.31" classname="Academy_E2EProject.HomePage"/>
</testsuite> <!-- Test -->
