<?xml version="1.0" encoding="UTF-8"?>
<!-- Generated by org.testng.reporters.JUnitXMLReporter -->
<testsuite hostname="ImranKhan" ignored="0" name="Validate Title" tests="1" failures="0" timestamp="17 May 2021 16:21:31 GMT" time="0.204" errors="0">
  <testcase name="@BeforeTest initialize" time="0.022" classname="Academy_E2EProject.ValidateTitle">
    <failure type="java.lang.NullPointerException">
      <![CDATA[java.lang.NullPointerException
at Resources.baseClass.initializeDriver(baseClass.java:45)
at Academy_E2EProject.ValidateTitle.initialize(ValidateTitle.java:27)
at java.util.concurrent.FutureTask.run(FutureTask.java:266)
at java.util.concurrent.ThreadPoolExecutor.runWorker(ThreadPoolExecutor.java:1149)
at java.util.concurrent.ThreadPoolExecutor$Worker.run(ThreadPoolExecutor.java:624)
at java.lang.Thread.run(Thread.java:748)
... Removed 15 stack frames]]>
    </failure>
  </testcase> <!-- @BeforeTest initialize -->
  <testcase name="@AfterTest teardown" time="0.0" classname="Academy_E2EProject.ValidateTitle">
    <skipped/>
  </testcase> <!-- @AfterTest teardown -->
  <testcase name="ValidateTitle" time="0.0" classname="Academy_E2EProject.ValidateTitle">
    <skipped/>
  </testcase> <!-- ValidateTitle -->
</testsuite> <!-- Validate Title -->
