<?xml version="1.0" encoding="UTF-8"?>
<!-- Generated by org.testng.reporters.JUnitXMLReporter -->
<testsuite hostname="ImranKhan" ignored="0" name="HomePage " tests="3" failures="0" timestamp="18 May 2021 16:21:59 GMT" time="23.617" errors="0">
  <testcase name="basePageNavigation" time="8.018" classname="Academy_E2EProject.HomePage"/>
  <testcase name="basePageNavigation" time="5.486" classname="Academy_E2EProject.HomePage"/>
  <testcase name="basePageNavigation" time="6.25" classname="Academy_E2EProject.HomePage"/>
</testsuite> <!-- HomePage  -->
