<?xml version="1.0" encoding="UTF-8"?>
<!-- Generated by org.testng.reporters.JUnitXMLReporter -->
<testsuite hostname="ImranKhan" ignored="0" name="Validate Title" tests="2" failures="1" timestamp="18 May 2021 16:22:18 GMT" time="9.059" errors="0">
  <testcase name="ValidateHeader" time="0.002" classname="Academy_E2EProject.ValidateTitle">
    <failure type="java.lang.NullPointerException">
      <![CDATA[java.lang.NullPointerException
at Academy_E2EProject.ValidateTitle.ValidateHeader(ValidateTitle.java:62)
... Removed 29 stack frames]]>
    </failure>
  </testcase> <!-- ValidateHeader -->
  <testcase name="ValidateTitle" time="0.044" classname="Academy_E2EProject.ValidateTitle"/>
</testsuite> <!-- Validate Title -->
