<?xml version="1.0" encoding="UTF-8"?>
<testng-results skipped="0" failed="1" ignored="0" total="6" passed="5">
  <reporter-output>
  </reporter-output>
  <suite name="Suite" duration-ms="42969" started-at="2021-05-18T16:21:35Z" finished-at="2021-05-18T16:22:18Z">
    <groups>
    </groups>
    <test name="HomePage " duration-ms="23617" started-at="2021-05-18T16:21:35Z" finished-at="2021-05-18T16:21:59Z">
      <class name="Academy_E2EProject.HomePage">
        <test-method status="PASS" signature="initialize()[pri:0, instance:Academy_E2EProject.HomePage@52815fa3]" name="initialize" is-config="true" duration-ms="3666" started-at="2021-05-18T16:21:35Z" finished-at="2021-05-18T16:21:39Z">
          <reporter-output>
          </reporter-output>
        </test-method> <!-- initialize -->
        <test-method status="PASS" signature="basePageNavigation(java.lang.String, java.lang.String, java.lang.String)[pri:0, instance:Academy_E2EProject.HomePage@52815fa3]" name="basePageNavigation" duration-ms="8018" started-at="2021-05-18T16:21:39Z" data-provider="getData" finished-at="2021-05-18T16:21:47Z">
          <params>
            <param index="0">
              <value>
                <![CDATA[imrankhan123@test.com]]>
              </value>
            </param>
            <param index="1">
              <value>
                <![CDATA[123456]]>
              </value>
            </param>
            <param index="2">
              <value>
                <![CDATA[Restricted user]]>
              </value>
            </param>
          </params>
          <reporter-output>
          </reporter-output>
        </test-method> <!-- basePageNavigation -->
        <test-method status="PASS" signature="basePageNavigation(java.lang.String, java.lang.String, java.lang.String)[pri:0, instance:Academy_E2EProject.HomePage@52815fa3]" name="basePageNavigation" duration-ms="5486" started-at="2021-05-18T16:21:47Z" data-provider="getData" finished-at="2021-05-18T16:21:52Z">
          <params>
            <param index="0">
              <value>
                <![CDATA[Pathan456@test.com]]>
              </value>
            </param>
            <param index="1">
              <value>
                <![CDATA[7891011]]>
              </value>
            </param>
            <param index="2">
              <value>
                <![CDATA[Non Restricted user]]>
              </value>
            </param>
          </params>
          <reporter-output>
          </reporter-output>
        </test-method> <!-- basePageNavigation -->
        <test-method status="PASS" signature="basePageNavigation(java.lang.String, java.lang.String, java.lang.String)[pri:0, instance:Academy_E2EProject.HomePage@52815fa3]" name="basePageNavigation" duration-ms="6250" started-at="2021-05-18T16:21:52Z" data-provider="getData" finished-at="2021-05-18T16:21:58Z">
          <params>
            <param index="0">
              <value>
                <![CDATA[Aman@test.com]]>
              </value>
            </param>
            <param index="1">
              <value>
                <![CDATA[9558801]]>
              </value>
            </param>
            <param index="2">
              <value>
                <![CDATA[Authetication error]]>
              </value>
            </param>
          </params>
          <reporter-output>
          </reporter-output>
        </test-method> <!-- basePageNavigation -->
        <test-method status="PASS" signature="teardown()[pri:0, instance:Academy_E2EProject.HomePage@52815fa3]" name="teardown" is-config="true" duration-ms="142" started-at="2021-05-18T16:21:58Z" finished-at="2021-05-18T16:21:59Z">
          <reporter-output>
          </reporter-output>
        </test-method> <!-- teardown -->
      </class> <!-- Academy_E2EProject.HomePage -->
    </test> <!-- HomePage  -->
    <test name="Validate Navigation Bar" duration-ms="9656" started-at="2021-05-18T16:21:59Z" finished-at="2021-05-18T16:22:09Z">
      <class name="Academy_E2EProject.ValidateNavigationBar">
        <test-method status="PASS" signature="initialize()[pri:0, instance:Academy_E2EProject.ValidateNavigationBar@3b79fd76]" name="initialize" is-config="true" duration-ms="9449" started-at="2021-05-18T16:21:59Z" finished-at="2021-05-18T16:22:09Z">
          <reporter-output>
          </reporter-output>
        </test-method> <!-- initialize -->
        <test-method status="PASS" signature="ValidateNavigationBar()[pri:0, instance:Academy_E2EProject.ValidateNavigationBar@3b79fd76]" name="ValidateNavigationBar" duration-ms="127" started-at="2021-05-18T16:22:09Z" finished-at="2021-05-18T16:22:09Z">
          <reporter-output>
          </reporter-output>
        </test-method> <!-- ValidateNavigationBar -->
        <test-method status="PASS" signature="teardown()[pri:0, instance:Academy_E2EProject.ValidateNavigationBar@3b79fd76]" name="teardown" is-config="true" duration-ms="79" started-at="2021-05-18T16:22:09Z" finished-at="2021-05-18T16:22:09Z">
          <reporter-output>
          </reporter-output>
        </test-method> <!-- teardown -->
      </class> <!-- Academy_E2EProject.ValidateNavigationBar -->
    </test> <!-- Validate Navigation Bar -->
    <test name="Validate Title" duration-ms="9059" started-at="2021-05-18T16:22:09Z" finished-at="2021-05-18T16:22:18Z">
      <class name="Academy_E2EProject.ValidateTitle">
        <test-method status="PASS" signature="initialize()[pri:0, instance:Academy_E2EProject.ValidateTitle@544d57e]" name="initialize" is-config="true" duration-ms="8404" started-at="2021-05-18T16:22:09Z" finished-at="2021-05-18T16:22:17Z">
          <reporter-output>
          </reporter-output>
        </test-method> <!-- initialize -->
        <test-method status="FAIL" signature="ValidateHeader()[pri:0, instance:Academy_E2EProject.ValidateTitle@544d57e]" name="ValidateHeader" duration-ms="2" started-at="2021-05-18T16:22:17Z" finished-at="2021-05-18T16:22:17Z">
          <exception class="java.lang.NullPointerException">
            <full-stacktrace>
              <![CDATA[java.lang.NullPointerException
at Academy_E2EProject.ValidateTitle.ValidateHeader(ValidateTitle.java:62)
at sun.reflect.NativeMethodAccessorImpl.invoke0(Native Method)
at sun.reflect.NativeMethodAccessorImpl.invoke(NativeMethodAccessorImpl.java:62)
at sun.reflect.DelegatingMethodAccessorImpl.invoke(DelegatingMethodAccessorImpl.java:43)
at java.lang.reflect.Method.invoke(Method.java:498)
at org.testng.internal.MethodInvocationHelper.invokeMethod(MethodInvocationHelper.java:124)
at org.testng.internal.Invoker.invokeMethod(Invoker.java:583)
at org.testng.internal.Invoker.invokeTestMethod(Invoker.java:719)
at org.testng.internal.Invoker.invokeTestMethods(Invoker.java:989)
at org.testng.internal.TestMethodWorker.invokeTestMethods(TestMethodWorker.java:125)
at org.testng.internal.TestMethodWorker.run(TestMethodWorker.java:109)
at org.testng.TestRunner.privateRun(TestRunner.java:648)
at org.testng.TestRunner.run(TestRunner.java:505)
at org.testng.SuiteRunner.runTest(SuiteRunner.java:455)
at org.testng.SuiteRunner.runSequentially(SuiteRunner.java:450)
at org.testng.SuiteRunner.privateRun(SuiteRunner.java:415)
at org.testng.SuiteRunner.run(SuiteRunner.java:364)
at org.testng.SuiteRunnerWorker.runSuite(SuiteRunnerWorker.java:52)
at org.testng.SuiteRunnerWorker.run(SuiteRunnerWorker.java:84)
at org.testng.TestNG.runSuitesSequentially(TestNG.java:1208)
at org.testng.TestNG.runSuitesLocally(TestNG.java:1137)
at org.testng.TestNG.runSuites(TestNG.java:1049)
at org.testng.TestNG.run(TestNG.java:1017)
at org.apache.maven.surefire.testng.TestNGExecutor.run(TestNGExecutor.java:284)
at org.apache.maven.surefire.testng.TestNGXmlTestSuite.execute(TestNGXmlTestSuite.java:75)
at org.apache.maven.surefire.testng.TestNGProvider.invoke(TestNGProvider.java:119)
at org.apache.maven.surefire.booter.ForkedBooter.runSuitesInProcess(ForkedBooter.java:428)
at org.apache.maven.surefire.booter.ForkedBooter.execute(ForkedBooter.java:162)
at org.apache.maven.surefire.booter.ForkedBooter.run(ForkedBooter.java:562)
at org.apache.maven.surefire.booter.ForkedBooter.main(ForkedBooter.java:548)
]]>
            </full-stacktrace>
          </exception> <!-- java.lang.NullPointerException -->
          <reporter-output>
          </reporter-output>
        </test-method> <!-- ValidateHeader -->
        <test-method status="PASS" signature="ValidateTitle()[pri:0, instance:Academy_E2EProject.ValidateTitle@544d57e]" name="ValidateTitle" duration-ms="44" started-at="2021-05-18T16:22:18Z" finished-at="2021-05-18T16:22:18Z">
          <reporter-output>
          </reporter-output>
        </test-method> <!-- ValidateTitle -->
        <test-method status="PASS" signature="teardown()[pri:0, instance:Academy_E2EProject.ValidateTitle@544d57e]" name="teardown" is-config="true" duration-ms="82" started-at="2021-05-18T16:22:18Z" finished-at="2021-05-18T16:22:18Z">
          <reporter-output>
          </reporter-output>
        </test-method> <!-- teardown -->
      </class> <!-- Academy_E2EProject.ValidateTitle -->
    </test> <!-- Validate Title -->
  </suite> <!-- Suite -->
</testng-results>
